d:\ecole\2024-2025\stratonthego\consoleapplication1\debug\vc143.pdb
d:\ecole\2024-2025\stratonthego\consoleapplication1\debug\vc143.idb
d:\ecole\2024-2025\stratonthego\consoleapplication1\debug\unit.obj
d:\ecole\2024-2025\stratonthego\consoleapplication1\debug\tile.obj
d:\ecole\2024-2025\stratonthego\consoleapplication1\debug\studentworkhere.obj
d:\ecole\2024-2025\stratonthego\consoleapplication1\debug\spritefactory.obj
d:\ecole\2024-2025\stratonthego\consoleapplication1\debug\sprite.obj
d:\ecole\2024-2025\stratonthego\consoleapplication1\debug\playercontroller.obj
d:\ecole\2024-2025\stratonthego\consoleapplication1\debug\map.obj
d:\ecole\2024-2025\stratonthego\consoleapplication1\debug\igameentity.obj
d:\ecole\2024-2025\stratonthego\consoleapplication1\debug\game.obj
d:\ecole\2024-2025\stratonthego\consoleapplication1\debug\font.obj
d:\ecole\2024-2025\stratonthego\consoleapplication1\debug\flowfieldmap.obj
d:\ecole\2024-2025\stratonthego\consoleapplication1\debug\cvect.obj
d:\ecole\2024-2025\stratonthego\consoleapplication1\debug\consoleapplication1.obj
d:\ecole\2024-2025\stratonthego\consoleapplication1\debug\collisionmanager.obj
d:\ecole\2024-2025\stratonthego\debug\stratonthego.exe
d:\ecole\2024-2025\stratonthego\consoleapplication1\debug\stratonthego.ilk
d:\ecole\2024-2025\stratonthego\debug\stratonthego.pdb
d:\ecole\2024-2025\stratonthego\consoleapplication1\debug\stratonthego.tlog\cl.command.1.tlog
d:\ecole\2024-2025\stratonthego\consoleapplication1\debug\stratonthego.tlog\cl.items.tlog
d:\ecole\2024-2025\stratonthego\consoleapplication1\debug\stratonthego.tlog\cl.read.1.tlog
d:\ecole\2024-2025\stratonthego\consoleapplication1\debug\stratonthego.tlog\cl.write.1.tlog
d:\ecole\2024-2025\stratonthego\consoleapplication1\debug\stratonthego.tlog\link.command.1.tlog
d:\ecole\2024-2025\stratonthego\consoleapplication1\debug\stratonthego.tlog\link.read.1.tlog
d:\ecole\2024-2025\stratonthego\consoleapplication1\debug\stratonthego.tlog\link.write.1.tlog
